<?xml version="1.0" encoding="UTF-8"?>
<testsuite name="hangman.controllers.GameControllerTests" tests="1" skipped="0" failures="0" errors="0" timestamp="2023-05-31T12:35:53" hostname="DESKTOP-E5T9QL7" time="0.009">
  <properties/>
  <testcase name="createGameReturnsValidUUID" classname="hangman.controllers.GameControllerTests" time="0.009"/>
  <system-out><![CDATA[]]></system-out>
  <system-err><![CDATA[]]></system-err>
</testsuite>
